-- The C compiler identification is GNU 11.4.0
-- The CXX compiler identification is GNU 11.4.0
-- Detecting C compiler ABI info
-- Detecting C compiler ABI info - done
-- Check for working C compiler: /usr/bin/cc - skipped
-- Detecting C compile features
-- Detecting C compile features - done
-- Detecting CXX compiler ABI info
-- Detecting CXX compiler ABI info - done
-- Check for working CXX compiler: /usr/bin/c++ - skipped
-- Detecting CXX compile features
-- Detecting CXX compile features - done
-- Found ament_cmake: 1.3.10 (/opt/ros/humble/share/ament_cmake/cmake)
-- Found Python3: /usr/bin/python3 (found version "3.10.12") found components: Interpreter 
-- Found rclcpp: 16.0.10 (/opt/ros/humble/share/rclcpp/cmake)
-- Found rosidl_generator_c: 3.1.5 (/opt/ros/humble/share/rosidl_generator_c/cmake)
-- Found rosidl_adapter: 3.1.5 (/opt/ros/humble/share/rosidl_adapter/cmake)
-- Found rosidl_generator_cpp: 3.1.5 (/opt/ros/humble/share/rosidl_generator_cpp/cmake)
-- Using all available rosidl_typesupport_c: rosidl_typesupport_fastrtps_c;rosidl_typesupport_introspection_c
-- Using all available rosidl_typesupport_cpp: rosidl_typesupport_fastrtps_cpp;rosidl_typesupport_introspection_cpp
-- Found rmw_implementation_cmake: 6.1.2 (/opt/ros/humble/share/rmw_implementation_cmake/cmake)
-- Found rmw_fastrtps_cpp: 6.2.7 (/opt/ros/humble/share/rmw_fastrtps_cpp/cmake)
-- Found OpenSSL: /usr/lib/x86_64-linux-gnu/libcrypto.so (found version "3.0.2")  
-- Found FastRTPS: /opt/ros/humble/include  
-- Using RMW implementation 'rmw_fastrtps_cpp' as default
-- Looking for pthread.h
-- Looking for pthread.h - found
-- Performing Test CMAKE_HAVE_LIBC_PTHREAD
-- Performing Test CMAKE_HAVE_LIBC_PTHREAD - Success
-- Found Threads: TRUE  
-- Found std_srvs: 4.2.4 (/opt/ros/humble/share/std_srvs/cmake)
-- Found example_interfaces: 0.9.3 (/opt/ros/humble/share/example_interfaces/cmake)
-- Found geometry_msgs: 4.2.4 (/opt/ros/humble/share/geometry_msgs/cmake)
-- Found tf2: 0.25.8 (/opt/ros/humble/share/tf2/cmake)
-- Found tf2_ros: 0.25.8 (/opt/ros/humble/share/tf2_ros/cmake)
-- Found catch_ros2: 0.2.1 (/opt/ros/humble/share/catch_ros2/cmake)
-- Configuring done
-- Generating done
-- Build files have been written to: /home/vv/my_beginner_tutorials/build/beginner_tutorials
[ 16%] [32mBuilding CXX object CMakeFiles/client.dir/src/service_client_node.cpp.o[0m
[ 33%] [32mBuilding CXX object CMakeFiles/talker.dir/src/service_server_node.cpp.o[0m
[ 50%] [32mBuilding CXX object CMakeFiles/test_talker_tf.dir/src/test_talker_tf.cpp.o[0m
[ 66%] [32m[1mLinking CXX executable client[0m
[ 83%] [32m[1mLinking CXX executable test_talker_tf[0m
[ 83%] Built target client
[ 83%] Built target test_talker_tf
[100%] [32m[1mLinking CXX executable talker[0m
[100%] Built target talker
-- Install configuration: ""
-- Installing: /home/vv/my_beginner_tutorials/install/beginner_tutorials/lib/beginner_tutorials/talker
-- Set runtime path of "/home/vv/my_beginner_tutorials/install/beginner_tutorials/lib/beginner_tutorials/talker" to ""
-- Installing: /home/vv/my_beginner_tutorials/install/beginner_tutorials/lib/beginner_tutorials/client
-- Set runtime path of "/home/vv/my_beginner_tutorials/install/beginner_tutorials/lib/beginner_tutorials/client" to ""
-- Installing: /home/vv/my_beginner_tutorials/install/beginner_tutorials/lib/beginner_tutorials/test_talker_tf
-- Set runtime path of "/home/vv/my_beginner_tutorials/install/beginner_tutorials/lib/beginner_tutorials/test_talker_tf" to ""
-- Installing: /home/vv/my_beginner_tutorials/install/beginner_tutorials/share/beginner_tutorials/launch
-- Installing: /home/vv/my_beginner_tutorials/install/beginner_tutorials/share/beginner_tutorials/launch/service.launch.py
-- Installing: /home/vv/my_beginner_tutorials/install/beginner_tutorials/share/ament_index/resource_index/package_run_dependencies/beginner_tutorials
-- Installing: /home/vv/my_beginner_tutorials/install/beginner_tutorials/share/ament_index/resource_index/parent_prefix_path/beginner_tutorials
-- Installing: /home/vv/my_beginner_tutorials/install/beginner_tutorials/share/beginner_tutorials/environment/ament_prefix_path.sh
-- Installing: /home/vv/my_beginner_tutorials/install/beginner_tutorials/share/beginner_tutorials/environment/ament_prefix_path.dsv
-- Installing: /home/vv/my_beginner_tutorials/install/beginner_tutorials/share/beginner_tutorials/environment/path.sh
-- Installing: /home/vv/my_beginner_tutorials/install/beginner_tutorials/share/beginner_tutorials/environment/path.dsv
-- Installing: /home/vv/my_beginner_tutorials/install/beginner_tutorials/share/beginner_tutorials/local_setup.bash
-- Installing: /home/vv/my_beginner_tutorials/install/beginner_tutorials/share/beginner_tutorials/local_setup.sh
-- Installing: /home/vv/my_beginner_tutorials/install/beginner_tutorials/share/beginner_tutorials/local_setup.zsh
-- Installing: /home/vv/my_beginner_tutorials/install/beginner_tutorials/share/beginner_tutorials/local_setup.dsv
-- Installing: /home/vv/my_beginner_tutorials/install/beginner_tutorials/share/beginner_tutorials/package.dsv
-- Installing: /home/vv/my_beginner_tutorials/install/beginner_tutorials/share/ament_index/resource_index/packages/beginner_tutorials
-- Installing: /home/vv/my_beginner_tutorials/install/beginner_tutorials/share/beginner_tutorials/cmake/beginner_tutorialsConfig.cmake
-- Installing: /home/vv/my_beginner_tutorials/install/beginner_tutorials/share/beginner_tutorials/cmake/beginner_tutorialsConfig-version.cmake
-- Installing: /home/vv/my_beginner_tutorials/install/beginner_tutorials/share/beginner_tutorials/package.xml
