[0.008s] Invoking command in '/home/vv/my_beginner_tutorials/build/beginner_tutorials': CMAKE_PREFIX_PATH=${CMAKE_PREFIX_PATH}:/opt/ros/humble /usr/bin/cmake /home/vv/my_beginner_tutorials -DCMAKE_INSTALL_PREFIX=/home/vv/my_beginner_tutorials/install/beginner_tutorials
[0.064s] -- The C compiler identification is GNU 11.4.0
[0.125s] -- The CXX compiler identification is GNU 11.4.0
[0.133s] -- Detecting C compiler ABI info
[0.211s] -- Detecting C compiler ABI info - done
[0.220s] -- Check for working C compiler: /usr/bin/cc - skipped
[0.220s] -- Detecting C compile features
[0.220s] -- Detecting C compile features - done
[0.223s] -- Detecting CXX compiler ABI info
[0.297s] -- Detecting CXX compiler ABI info - done
[0.306s] -- Check for working CXX compiler: /usr/bin/c++ - skipped
[0.307s] -- Detecting CXX compile features
[0.307s] -- Detecting CXX compile features - done
[0.310s] -- Found ament_cmake: 1.3.10 (/opt/ros/humble/share/ament_cmake/cmake)
[0.445s] -- Found Python3: /usr/bin/python3 (found version "3.10.12") found components: Interpreter 
[0.525s] -- Found rclcpp: 16.0.10 (/opt/ros/humble/share/rclcpp/cmake)
[0.549s] -- Found rosidl_generator_c: 3.1.5 (/opt/ros/humble/share/rosidl_generator_c/cmake)
[0.552s] -- Found rosidl_adapter: 3.1.5 (/opt/ros/humble/share/rosidl_adapter/cmake)
[0.556s] -- Found rosidl_generator_cpp: 3.1.5 (/opt/ros/humble/share/rosidl_generator_cpp/cmake)
[0.563s] -- Using all available rosidl_typesupport_c: rosidl_typesupport_fastrtps_c;rosidl_typesupport_introspection_c
[0.572s] -- Using all available rosidl_typesupport_cpp: rosidl_typesupport_fastrtps_cpp;rosidl_typesupport_introspection_cpp
[0.596s] -- Found rmw_implementation_cmake: 6.1.2 (/opt/ros/humble/share/rmw_implementation_cmake/cmake)
[0.597s] -- Found rmw_fastrtps_cpp: 6.2.7 (/opt/ros/humble/share/rmw_fastrtps_cpp/cmake)
[0.669s] -- Found OpenSSL: /usr/lib/x86_64-linux-gnu/libcrypto.so (found version "3.0.2")  
[0.699s] -- Found FastRTPS: /opt/ros/humble/include  
[0.748s] -- Using RMW implementation 'rmw_fastrtps_cpp' as default
[0.753s] -- Looking for pthread.h
[0.830s] -- Looking for pthread.h - found
[0.830s] -- Performing Test CMAKE_HAVE_LIBC_PTHREAD
[0.909s] -- Performing Test CMAKE_HAVE_LIBC_PTHREAD - Success
[0.911s] -- Found Threads: TRUE  
[0.949s] -- Found std_srvs: 4.2.4 (/opt/ros/humble/share/std_srvs/cmake)
[0.954s] -- Found example_interfaces: 0.9.3 (/opt/ros/humble/share/example_interfaces/cmake)
[0.977s] -- Found geometry_msgs: 4.2.4 (/opt/ros/humble/share/geometry_msgs/cmake)
[0.985s] -- Found tf2: 0.25.8 (/opt/ros/humble/share/tf2/cmake)
[0.991s] -- Found tf2_ros: 0.25.8 (/opt/ros/humble/share/tf2_ros/cmake)
[1.029s] -- Found catch_ros2: 0.2.1 (/opt/ros/humble/share/catch_ros2/cmake)
[1.073s] -- Configuring done
[1.091s] -- Generating done
[1.093s] -- Build files have been written to: /home/vv/my_beginner_tutorials/build/beginner_tutorials
[1.103s] Invoked command in '/home/vv/my_beginner_tutorials/build/beginner_tutorials' returned '0': CMAKE_PREFIX_PATH=${CMAKE_PREFIX_PATH}:/opt/ros/humble /usr/bin/cmake /home/vv/my_beginner_tutorials -DCMAKE_INSTALL_PREFIX=/home/vv/my_beginner_tutorials/install/beginner_tutorials
[1.104s] Invoking command in '/home/vv/my_beginner_tutorials/build/beginner_tutorials': CMAKE_PREFIX_PATH=${CMAKE_PREFIX_PATH}:/opt/ros/humble /usr/bin/cmake --build /home/vv/my_beginner_tutorials/build/beginner_tutorials -- -j22 -l22
[1.160s] [ 16%] [32mBuilding CXX object CMakeFiles/client.dir/src/service_client_node.cpp.o[0m
[1.160s] [ 33%] [32mBuilding CXX object CMakeFiles/talker.dir/src/service_server_node.cpp.o[0m
[1.161s] [ 50%] [32mBuilding CXX object CMakeFiles/test_talker_tf.dir/src/test_talker_tf.cpp.o[0m
[3.390s] [ 66%] [32m[1mLinking CXX executable client[0m
[3.436s] [ 83%] [32m[1mLinking CXX executable test_talker_tf[0m
[3.520s] [ 83%] Built target client
[3.544s] [ 83%] Built target test_talker_tf
[3.904s] [100%] [32m[1mLinking CXX executable talker[0m
[4.058s] [100%] Built target talker
[4.069s] Invoked command in '/home/vv/my_beginner_tutorials/build/beginner_tutorials' returned '0': CMAKE_PREFIX_PATH=${CMAKE_PREFIX_PATH}:/opt/ros/humble /usr/bin/cmake --build /home/vv/my_beginner_tutorials/build/beginner_tutorials -- -j22 -l22
[4.108s] Invoking command in '/home/vv/my_beginner_tutorials/build/beginner_tutorials': CMAKE_PREFIX_PATH=${CMAKE_PREFIX_PATH}:/opt/ros/humble /usr/bin/cmake --install /home/vv/my_beginner_tutorials/build/beginner_tutorials
[4.116s] -- Install configuration: ""
[4.116s] -- Installing: /home/vv/my_beginner_tutorials/install/beginner_tutorials/lib/beginner_tutorials/talker
[4.118s] -- Set runtime path of "/home/vv/my_beginner_tutorials/install/beginner_tutorials/lib/beginner_tutorials/talker" to ""
[4.118s] -- Installing: /home/vv/my_beginner_tutorials/install/beginner_tutorials/lib/beginner_tutorials/client
[4.118s] -- Set runtime path of "/home/vv/my_beginner_tutorials/install/beginner_tutorials/lib/beginner_tutorials/client" to ""
[4.118s] -- Installing: /home/vv/my_beginner_tutorials/install/beginner_tutorials/lib/beginner_tutorials/test_talker_tf
[4.119s] -- Set runtime path of "/home/vv/my_beginner_tutorials/install/beginner_tutorials/lib/beginner_tutorials/test_talker_tf" to ""
[4.119s] -- Installing: /home/vv/my_beginner_tutorials/install/beginner_tutorials/share/beginner_tutorials/launch
[4.119s] -- Installing: /home/vv/my_beginner_tutorials/install/beginner_tutorials/share/beginner_tutorials/launch/service.launch.py
[4.119s] -- Installing: /home/vv/my_beginner_tutorials/install/beginner_tutorials/share/ament_index/resource_index/package_run_dependencies/beginner_tutorials
[4.119s] -- Installing: /home/vv/my_beginner_tutorials/install/beginner_tutorials/share/ament_index/resource_index/parent_prefix_path/beginner_tutorials
[4.120s] -- Installing: /home/vv/my_beginner_tutorials/install/beginner_tutorials/share/beginner_tutorials/environment/ament_prefix_path.sh
[4.120s] -- Installing: /home/vv/my_beginner_tutorials/install/beginner_tutorials/share/beginner_tutorials/environment/ament_prefix_path.dsv
[4.120s] -- Installing: /home/vv/my_beginner_tutorials/install/beginner_tutorials/share/beginner_tutorials/environment/path.sh
[4.120s] -- Installing: /home/vv/my_beginner_tutorials/install/beginner_tutorials/share/beginner_tutorials/environment/path.dsv
[4.120s] -- Installing: /home/vv/my_beginner_tutorials/install/beginner_tutorials/share/beginner_tutorials/local_setup.bash
[4.120s] -- Installing: /home/vv/my_beginner_tutorials/install/beginner_tutorials/share/beginner_tutorials/local_setup.sh
[4.120s] -- Installing: /home/vv/my_beginner_tutorials/install/beginner_tutorials/share/beginner_tutorials/local_setup.zsh
[4.120s] -- Installing: /home/vv/my_beginner_tutorials/install/beginner_tutorials/share/beginner_tutorials/local_setup.dsv
[4.120s] -- Installing: /home/vv/my_beginner_tutorials/install/beginner_tutorials/share/beginner_tutorials/package.dsv
[4.121s] -- Installing: /home/vv/my_beginner_tutorials/install/beginner_tutorials/share/ament_index/resource_index/packages/beginner_tutorials
[4.121s] -- Installing: /home/vv/my_beginner_tutorials/install/beginner_tutorials/share/beginner_tutorials/cmake/beginner_tutorialsConfig.cmake
[4.121s] -- Installing: /home/vv/my_beginner_tutorials/install/beginner_tutorials/share/beginner_tutorials/cmake/beginner_tutorialsConfig-version.cmake
[4.121s] -- Installing: /home/vv/my_beginner_tutorials/install/beginner_tutorials/share/beginner_tutorials/package.xml
[4.123s] Invoked command in '/home/vv/my_beginner_tutorials/build/beginner_tutorials' returned '0': CMAKE_PREFIX_PATH=${CMAKE_PREFIX_PATH}:/opt/ros/humble /usr/bin/cmake --install /home/vv/my_beginner_tutorials/build/beginner_tutorials
